
-6.1586#-0.3345#0.1047#-0.0001#-0.0022#-0.0001
-6.1243#-0.2056#0.0467#-0.0001#-0.0021#-0.0001
-6.1721#-0.1805#0.0814#-0.0001#-0.0021#-0.0001
-5.9958#-0.2792#0.0440#-0.0001#-0.0021#-0.0001
-6.0592#-0.1677#0.0603#-0.0001#-0.0022#-0.0001
-6.1172#-0.2647#0.0684#-0.0001#-0.0022#-0.0001
-6.1680#-0.2167#0.0959#-0.0001#-0.0022#-0.0001
-6.0669#-0.2951#0.0531#-0.0001#-0.0021#-0.0001
-6.0612#-0.3209#0.0335#-0.0001#-0.0021#-0.0000
-6.0243#-0.1817#0.0921#-0.0001#-0.0021#-0.0001
-6.0963#-0.1614#0.0653#-0.0001#-0.0022#-0.0001
-6.0046#-0.2413#0.0599#-0.0001#-0.0022#-0.0001
-6.0209#-0.2053#0.1123#-0.0001#-0.0022#-0.0001
-6.0892#-0.2895#0.0876#-0.0001#-0.0021#-0.0001
-6.0945#-0.2713#0.0969#-0.0001#-0.0021#-0.0001
-6.1214#-0.3322#0.0461#-0.0001#-0.0022#-0.0001
-6.0922#-0.2918#0.0974#-0.0001#-0.0022#-0.0001
-6.1123#-0.1570#0.1233#-0.0001#-0.0021#-0.0001
-6.1741#-0.1504#0.1172#-0.0001#-0.0022#-0.0001
-6.1146#-0.1992#0.0763#-0.0001#-0.0022#-0.0001
-6.1107#-0.1562#0.0970#-0.0001#-0.0022#-0.0001
-6.0568#-0.2356#0.0799#-0.0001#-0.0021#-0.0001
-6.0473#-0.1755#0.0415#-0.0001#-0.0022#-0.0001
-6.1146#-0.2571#0.0813#-0.0001#-0.0021#-0.0001
-6.1383#-0.2804#0.0335#-0.0001#-0.0021#-0.0001
-6.1022#-0.3145#0.0462#-0.0001#-0.0022#-0.0001
-6.1464#-0.2872#0.1180#-0.0001#-0.0022#-0.0001
-6.1699#-0.1567#0.1079#-0.0001#-0.0021#-0.0001
-6.0692#-0.1537#0.0610#-0.0001#-0.0021#-0.0001
-6.0775#-0.1845#0.0962#-0.0001#-0.0022#-0.0001
-6.0237#-0.2094#0.1154#-0.0001#-0.0022#-0.0001
-6.0323#-0.3308#0.0683#-0.0001#-0.0022#-0.0001
-6.1480#-0.2496#0.0868#-0.0001#-0.0022#-0.0001
-6.0327#-0.1384#0.0458#-0.0001#-0.0022#-0.0001
-6.1663#-0.2963#0.0706#-0.0001#-0.0022#-0.0001
-6.1734#-0.3279#0.0387#-0.0001#-0.0022#-0.0001
-5.9811#-0.1453#0.0956#-0.0001#-0.0022#-0.0001
-5.9920#-0.2524#0.0972#-0.0001#-0.0022#-0.0001
-6.1737#-0.2766#0.0309#-0.0001#-0.0023#-0.0001
-6.1135#-0.2903#0.0777#-0.0001#-0.0022#-0.0001
-6.1143#-0.2886#0.0370#-0.0001#-0.0022#-0.0001
-6.1526#-0.2453#0.0766#-0.0001#-0.0023#-0.0001
-6.0253#-0.3066#0.0497#-0.0001#-0.0022#-0.0001
-6.0797#-0.1523#0.0566#-0.0001#-0.0023#-0.0001
-6.1083#-0.2672#0.1242#-0.0001#-0.0023#-0.0001
-6.0549#-0.1415#0.0673#-0.0001#-0.0023#-0.0001
-6.0212#-0.2530#0.0699#-0.0001#-0.0022#-0.0001
-6.1653#-0.2300#0.1209#-0.0001#-0.0024#-0.0001
-6.1670#-0.2374#0.0789#-0.0001#-0.0024#-0.0001
-6.0994#-0.1778#0.0801#-0.0001#-0.0024#-0.0001
-6.0662#-0.1726#0.1034#-0.0001#-0.0022#-0.0001
-6.1550#-0.2127#0.1105#-0.0001#-0.0025#-0.0001
-6.0030#-0.2403#0.0341#-0.0001#-0.0025#-0.0001
-6.0201#-0.1589#0.0346#-0.0001#-0.0025#-0.0001
-6.1233#-0.2902#0.0627#-0.0001#-0.0025#-0.0001
-6.1774#-0.2656#0.0918#-0.0001#-0.0025#-0.0001
-6.0946#-0.2486#0.0353#-0.0001#-0.0026#-0.0001
-6.0518#-0.3130#0.0997#-0.0001#-0.0025#-0.0001
-6.0467#-0.1820#0.0766#-0.0001#-0.0027#-0.0001
-6.0094#-0.1842#0.0330#-0.0001#-0.0031#-0.0001
-6.0087#-0.1915#0.0759#-0.0001#-0.0031#-0.0001
-6.0537#-0.2650#0.0731#-0.0001#-0.0031#-0.0001
-6.1224#-0.2450#0.0434#-0.0001#-0.0031#-0.0001
-5.9911#-0.2130#0.0829#-0.0001#-0.0031#-0.0001
-5.9986#-0.2207#0.0593#-0.0001#-0.0026#-0.0001
-6.1083#-0.1589#0.1204#-0.0001#-0.0020#-0.0001
-6.1164#-0.2086#0.1109#-0.0001#-0.0021#-0.0001
-6.1133#-0.3337#0.0749#-0.0001#-0.0021#-0.0001
-6.0840#-0.2683#0.0390#-0.0001#-0.0022#-0.0001
-6.0637#-0.2902#0.0698#-0.0001#-0.0022#-0.0001
-6.0316#-0.1795#0.0672#-0.0001#-0.0022#-0.0001
-6.0098#-0.2915#0.0825#-0.0001#-0.0022#-0.0001
-5.9910#-0.1883#0.1024#-0.0001#-0.0022#-0.0001
-6.0457#-0.1653#0.0888#-0.0001#-0.0021#-0.0001
-6.0515#-0.3300#0.0767#-0.0001#-0.0021#-0.0001
-6.1668#-0.1840#0.0897#-0.0001#-0.0022#-0.0001
-6.0107#-0.2026#0.0523#-0.0001#-0.0021#-0.0001
-6.0484#-0.3234#0.1050#-0.0001#-0.0021#-0.0001
-6.0347#-0.2757#0.0823#-0.0001#-0.0022#-0.0001
-6.0059#-0.1913#0.0998#-0.0001#-0.0022#-0.0001
-6.0487#-0.2032#0.1028#-0.0001#-0.0022#-0.0001
-6.0480#-0.3304#0.1011#-0.0001#-0.0020#-0.0001
-6.0259#-0.1776#0.1163#-0.0001#-0.0021#-0.0001
-6.1004#-0.2469#0.1189#-0.0001#-0.0021#-0.0001
-6.1070#-0.2590#0.0491#-0.0001#-0.0022#-0.0001
-6.0513#-0.1885#0.1035#-0.0001#-0.0022#-0.0001
-6.0117#-0.2784#0.0316#-0.0001#-0.0022#-0.0001
-6.0416#-0.1654#0.0513#-0.0001#-0.0022#-0.0001
-5.9806#-0.1559#0.1229#-0.0001#-0.0021#-0.0001
-6.0166#-0.2629#0.0785#-0.0001#-0.0022#-0.0001
-6.0942#-0.2388#0.0887#-0.0001#-0.0021#-0.0001
-5.9941#-0.1495#0.0574#-0.0001#-0.0028#-0.0001
-5.9826#-0.3051#0.0640#-0.0001#-0.0034#-0.0002
-5.9932#-0.3262#0.0537#-0.0001#-0.0029#-0.0002
-6.0416#-0.1789#0.1117#-0.0001#-0.0030#-0.0002
-6.0012#-0.1805#0.0928#-0.0001#-0.0031#-0.0002
-5.9838#-0.1600#0.0799#-0.0001#-0.0030#-0.0002
-6.0145#-0.2096#0.0931#-0.0000#-0.0030#-0.0002
-6.0496#-0.3024#0.1233#-0.0000#-0.0029#-0.0002
-6.0235#-0.2068#0.0500#-0.0001#-0.0029#-0.0002
-6.0315#-0.1991#0.0708#-0.0001#-0.0030#-0.0002
-6.0013#-0.1411#0.1229#-0.0001#-0.0029#-0.0002
-6.0549#-0.2597#0.0323#-0.0001#-0.0029#-0.0002
-6.1074#-0.2749#0.1083#-0.0001#-0.0030#-0.0002
-6.0418#-0.1388#0.0520#-0.0001#-0.0029#-0.0002
-6.0559#-0.3074#0.1265#-0.0001#-0.0029#-0.0003
-6.0650#-0.2596#0.0774#-0.0001#-0.0030#-0.0003
-6.0342#-0.2463#0.0889#-0.0001#-0.0030#-0.0003
-6.0810#-0.1440#0.1134#-0.0001#-0.0029#-0.0003
-5.9424#-0.2303#0.1294#-0.0001#-0.0030#-0.0003
-5.9678#-0.3282#0.0840#-0.0001#-0.0029#-0.0004
-6.0277#-0.2729#0.0660#-0.0001#-0.0029#-0.0005
-5.9009#-0.2555#0.1286#-0.0001#-0.0029#-0.0006
-5.9371#-0.2779#0.0371#-0.0001#-0.0030#-0.0007
-5.9361#-0.2465#0.1156#-0.0001#-0.0029#-0.0008
-5.9446#-0.1545#0.0505#-0.0001#-0.0029#-0.0009
-5.9512#-0.2431#0.1224#-0.0001#-0.0029#-0.0011
-5.9625#-0.2741#0.0438#-0.0001#-0.0029#-0.0013
-5.9732#-0.2453#0.1123#-0.0001#-0.0028#-0.0016
-5.9742#-0.3124#0.0719#-0.0001#-0.0029#-0.0020
-6.0040#-0.2461#0.0769#-0.0001#-0.0028#-0.0024
-6.0275#-0.2736#0.0790#-0.0001#-0.0025#-0.0028
-5.8553#-0.2873#0.0315#-0.0001#-0.0022#-0.0031
-5.9841#-0.2219#0.0317#-0.0001#-0.0022#-0.0034
-5.8905#-0.2154#0.0544#-0.0001#-0.0019#-0.0036
-5.9311#-0.2903#0.0541#-0.0001#-0.0014#-0.0035
-5.9558#-0.2539#0.1217#-0.0001#-0.0019#-0.0031
-5.9797#-0.2152#0.0898#-0.0001#-0.0020#-0.0031
-5.8406#-0.1666#0.1039#-0.0001#-0.0019#-0.0031
-5.9531#-0.1709#0.1254#-0.0001#-0.0020#-0.0031
-5.9248#-0.2972#0.1075#-0.0001#-0.0019#-0.0031
-5.8614#-0.2056#0.0549#-0.0001#-0.0020#-0.0031
-5.8861#-0.1810#0.1095#-0.0001#-0.0020#-0.0031
-5.8329#-0.3104#0.1070#-0.0001#-0.0018#-0.0031
-5.8870#-0.2171#0.0698#-0.0001#-0.0019#-0.0031
-5.8420#-0.1543#0.0952#-0.0001#-0.0020#-0.0031
-5.8126#-0.1702#0.0985#-0.0001#-0.0017#-0.0031
-5.8568#-0.2977#0.0613#-0.0001#-0.0019#-0.0031
-5.9393#-0.3144#0.0352#-0.0001#-0.0020#-0.0031
-5.8148#-0.3225#0.0975#-0.0001#-0.0020#-0.0031
-5.8159#-0.3217#0.1032#-0.0001#-0.0021#-0.0031
-6.0075#-0.1594#0.0388#-0.0001#-0.0019#-0.0031
-5.9470#-0.2224#0.0985#-0.0001#-0.0019#-0.0031
-5.9728#-0.1864#0.1039#-0.0001#-0.0017#-0.0031
-5.9813#-0.2475#0.0835#-0.0001#-0.0020#-0.0031
-6.0114#-0.2275#0.1020#-0.0001#-0.0019#-0.0031
-5.8264#-0.2368#0.0712#-0.0001#-0.0018#-0.0031
-5.8437#-0.2795#0.0595#-0.0001#-0.0020#-0.0031
-5.9262#-0.3302#0.1223#-0.0001#-0.0020#-0.0031
-5.9076#-0.1877#0.0403#-0.0001#-0.0020#-0.0031
-5.9850#-0.1741#0.0818#-0.0001#-0.0019#-0.0031
-5.9325#-0.2022#0.0338#-0.0001#-0.0019#-0.0031
-6.0104#-0.2988#0.1116#-0.0001#-0.0019#-0.0031
-6.0109#-0.2533#0.0630#-0.0001#-0.0019#-0.0031
-5.8888#-0.2494#0.0333#-0.0001#-0.0018#-0.0031
-5.8372#-0.1373#0.1046#-0.0001#-0.0020#-0.0031
-5.8961#-0.1667#0.0905#-0.0001#-0.0019#-0.0031
-5.9487#-0.3272#0.0917#-0.0001#-0.0020#-0.0031
-5.9550#-0.3112#0.0761#-0.0001#-0.0018#-0.0031
-5.8985#-0.3065#0.0403#-0.0001#-0.0020#-0.0031
-5.9426#-0.3105#0.0942#-0.0001#-0.0019#-0.0031
-5.9688#-0.1520#0.1016#-0.0001#-0.0021#-0.0003
-5.8288#-0.1637#0.0599#-0.0000#-0.0021#0.0077
-5.8211#-0.2997#0.1133#0.0000#-0.0019#0.0206
-5.9914#-0.1497#0.1248#0.0000#-0.0019#0.0348
-5.9521#-0.1454#0.0562#0.0001#-0.0019#0.0499
-5.8147#-0.2304#0.0436#0.0001#-0.0019#0.0652
-5.9232#-0.1712#0.0546#0.0001#-0.0018#0.0798
-5.9792#-0.2938#0.0532#0.0001#-0.0020#0.0943
-5.9592#-0.2139#0.1277#0.0002#-0.0019#0.1088
-5.8859#-0.2050#0.0432#0.0002#-0.0019#0.1238
-5.7858#-0.1979#0.1068#0.0002#-0.0018#0.1383
-5.8285#-0.1330#0.1140#0.0003#-0.0019#0.1526
-5.8584#-0.2417#0.0820#0.0003#-0.0017#0.1680
-5.7857#-0.2427#0.0374#0.0003#-0.0019#0.1832
-5.8827#-0.2585#0.0500#0.0003#-0.0019#0.1983
-5.7453#-0.3002#0.1031#0.0003#-0.0018#0.2130
-5.9012#-0.2877#0.0693#0.0004#-0.0020#0.2276
-5.8004#-0.2427#0.0866#0.0004#-0.0018#0.2425
-5.7811#-0.2492#0.0479#0.0005#-0.0019#0.2571
-5.8640#-0.1622#0.1169#0.0005#-0.0019#0.2719
-5.8140#-0.2066#0.0868#0.0006#-0.0020#0.2867
-5.8056#-0.2965#0.1171#0.0005#-0.0017#0.3015
-5.7474#-0.2754#0.0341#0.0005#-0.0017#0.3165
-5.7584#-0.1092#0.0519#0.0006#-0.0017#0.3313
-5.7463#-0.2828#0.0591#0.0006#-0.0017#0.3461
-5.7632#-0.2420#0.1161#0.0006#-0.0017#0.3610
-5.7230#-0.1792#0.0821#0.0006#-0.0016#0.3758
-5.8021#-0.2302#0.1137#0.0007#-0.0018#0.3907
-5.8191#-0.2484#0.0602#0.0007#-0.0017#0.4056
-5.8441#-0.1241#0.1244#0.0007#-0.0017#0.4204
-5.8017#-0.2334#0.0315#0.0008#-0.0017#0.4354
-5.8532#-0.0912#0.1143#0.0008#-0.0015#0.4500
-5.8287#-0.0807#0.0777#0.0008#-0.0017#0.4644
-5.8117#-0.1184#0.0354#0.0010#-0.0018#0.4788
-5.7905#-0.2362#0.0657#0.0008#-0.0015#0.4931
-5.8396#-0.2425#0.0895#0.0008#-0.0016#0.5074
-5.7240#-0.0970#0.1275#0.0009#-0.0016#0.5222
-5.8212#-0.1008#0.1092#0.0009#-0.0015#0.5368
-5.8454#-0.1200#0.1173#0.0010#-0.0016#0.5510
-5.6641#-0.0862#0.1231#0.0010#-0.0016#0.5649
-5.7886#-0.0917#0.1061#0.0010#-0.0015#0.5795
-5.6672#-0.2073#0.0438#0.0011#-0.0016#0.5934
-5.7749#-0.1357#0.0772#0.0010#-0.0014#0.6076
-5.6494#-0.0513#0.0656#0.0012#-0.0017#0.6218
-5.6778#-0.0634#0.0413#0.0013#-0.0017#0.6357
-5.6593#-0.1302#0.1052#0.0013#-0.0017#0.6501
-5.6621#-0.1722#0.0373#0.0013#-0.0017#0.6648
-5.7312#-0.0462#0.1079#0.0014#-0.0017#0.6789
-5.7660#-0.1595#0.0627#0.0014#-0.0017#0.6930
-5.8041#-0.0666#0.0337#0.0014#-0.0016#0.7075
-5.6266#-0.1601#0.0841#0.0014#-0.0016#0.7216
-5.6983#-0.0395#0.1295#0.0014#-0.0016#0.7355
-5.6471#-0.0687#0.0376#0.0014#-0.0015#0.7492
-5.6421#-0.1868#0.1148#0.0015#-0.0015#0.7636
-5.7863#-0.1483#0.0598#0.0014#-0.0014#0.7779
-5.7405#-0.1849#0.0933#0.0016#-0.0015#0.7918
-5.7604#-0.0662#0.0863#0.0013#-0.0012#0.8061
-5.7839#-0.0424#0.1196#0.0014#-0.0014#0.8210
-5.6630#-0.0913#0.0954#0.0016#-0.0015#0.8360
-5.6176#-0.1187#0.0911#0.0014#-0.0012#0.8500
-5.6977#-0.0663#0.0558#0.0013#-0.0012#0.8640
-5.7764#-0.1176#0.0428#0.0013#-0.0011#0.8781
-5.7263#0.0102#0.1224#0.0013#-0.0011#0.8925
-5.5822#-0.0677#0.1052#0.0016#-0.0012#0.9074
-5.6146#-0.1593#0.0755#0.0015#-0.0011#0.9223
-5.7317#-0.0255#0.0911#0.0015#-0.0011#0.9374
-5.6249#-0.0852#0.0740#0.0015#-0.0011#0.9516
-5.7549#-0.0804#0.0455#0.0015#-0.0010#0.9658
-5.6152#-0.0325#0.0782#0.0015#-0.0010#0.9799
-5.6211#-0.1202#0.0576#0.0014#-0.0010#0.9952
-5.6759#-0.0739#0.1109#0.0016#-0.0010#1.0103
-5.6649#0.0235#0.0987#0.0016#-0.0010#1.0249
-5.7062#-0.0653#0.0400#0.0016#-0.0009#1.0395
-5.6530#-0.0386#0.0461#0.0016#-0.0009#1.0537
-5.5796#-0.0642#0.1020#0.0016#-0.0009#1.0677
-5.6144#0.0140#0.1158#0.0016#-0.0009#1.0821
-5.6614#-0.0567#0.1173#0.0016#-0.0008#1.0961
-5.7429#0.0434#0.0617#0.0016#-0.0008#1.1113
-5.7222#-0.0300#0.0893#0.0017#-0.0008#1.1262
-5.5560#-0.0477#0.1133#0.0017#-0.0008#1.1416
-5.6958#0.0169#0.0570#0.0017#-0.0008#1.1560
-5.7311#-0.0538#0.1291#0.0018#-0.0007#1.1702
-5.6036#0.0683#0.1280#0.0017#-0.0007#1.1843
-5.6426#-0.0405#0.0881#0.0017#-0.0007#1.1990
-5.5431#0.0462#0.0823#0.0017#-0.0006#1.2136
-5.6349#0.0794#0.0986#0.0020#-0.0007#1.2278
-5.5635#0.0309#0.1188#0.0021#-0.0007#1.2416
-5.6666#-0.0117#0.0783#0.0020#-0.0006#1.2563
-5.6183#-0.0297#0.0654#0.0021#-0.0006#1.2707
-5.6198#0.0623#0.0420#0.0021#-0.0006#1.2850
-5.6143#0.0880#0.0417#0.0021#-0.0006#1.2998
-5.5786#0.0876#0.0430#0.0021#-0.0005#1.3141
-5.5874#0.1109#0.0683#0.0021#-0.0005#1.3285
-5.5870#0.0241#0.1288#0.0021#-0.0005#1.3436
-5.7196#0.1015#0.0810#0.0021#-0.0005#1.3584
-5.5884#0.1310#0.0953#0.0021#-0.0004#1.3727
-5.5501#0.0154#0.1158#0.0022#-0.0004#1.3864
-5.6678#0.0926#0.0388#0.0021#-0.0004#1.4008
-5.6794#0.1215#0.1270#0.0022#-0.0004#1.4159
-5.6255#0.0705#0.0727#0.0021#-0.0003#1.4312
-5.7164#0.1325#0.1122#0.0021#-0.0003#1.4468
-5.5766#0.1038#0.0658#0.0021#-0.0003#1.4624
-5.6735#0.1509#0.0594#0.0021#-0.0002#1.4775
-5.6244#0.1217#0.0821#0.0022#-0.0002#1.4919
-5.5760#0.1364#0.0402#0.0021#-0.0001#1.5064
-5.7052#0.1292#0.1032#0.0021#-0.0001#1.5212
-5.5962#0.1427#0.0320#0.0022#-0.0001#1.5359
-5.7296#0.0650#0.0810#0.0022#-0.0000#1.5495
-5.6698#0.1465#0.0366#0.0022#0.0000#1.5633
-5.5959#0.0798#0.0984#0.0022#0.0000#1.5770
-5.7282#0.1686#0.1088#0.0021#0.0000#1.5914
-5.6502#0.1354#0.0629#0.0022#0.0001#1.6061
-5.6939#0.1775#0.0984#0.0022#0.0001#1.6197
-5.6234#0.1860#0.0847#0.0022#0.0002#1.6335
-5.6294#0.1782#0.0654#0.0020#0.0001#1.6439
-5.6605#0.1358#0.0399#0.0020#0.0001#1.6482
-5.7162#0.2127#0.1025#0.0021#0.0001#1.6483
-5.6187#0.1396#0.0464#0.0022#0.0001#1.6483
-5.7237#0.1661#0.0660#0.0022#0.0001#1.6483
-5.7132#0.1307#0.1095#0.0022#0.0001#1.6483
-5.6321#0.0656#0.0608#0.0022#0.0001#1.6483
-5.7218#0.1466#0.0314#0.0022#0.0001#1.6483
-5.6609#0.2089#0.0346#0.0022#0.0001#1.6483
-5.5705#0.2135#0.1027#0.0022#0.0001#1.6483
-5.6121#0.2308#0.1286#0.0022#0.0001#1.6483
-5.7242#0.1649#0.0641#0.0022#0.0001#1.6484
-5.6596#0.2088#0.0368#0.0022#0.0001#1.6484
-5.5827#0.1917#0.0665#0.0022#0.0001#1.6484
-5.5663#0.1265#0.0625#0.0022#0.0001#1.6484
-5.5456#0.1329#0.1164#0.0022#0.0001#1.6484
-5.6419#0.2285#0.1216#0.0022#0.0001#1.6483
-5.5543#0.1652#0.1026#0.0022#0.0001#1.6483
-5.5917#0.1672#0.0587#0.0022#0.0001#1.6483
-5.7446#0.0810#0.0836#0.0022#0.0001#1.6484
-5.6626#0.2550#0.0497#0.0022#0.0001#1.6484
-5.6035#0.0849#0.1202#0.0022#0.0001#1.6484
-5.6208#0.2430#0.0921#0.0022#0.0001#1.6484
-5.6921#0.1830#0.0319#0.0022#0.0001#1.6484
-5.6598#0.1752#0.0586#0.0023#0.0001#1.6484
-5.5531#0.1248#0.0528#0.0022#0.0001#1.6484
-5.7036#0.0910#0.1108#0.0022#0.0001#1.6484
-5.5936#0.2123#0.0630#0.0022#0.0001#1.6484
-5.5779#0.1139#0.1136#0.0022#0.0001#1.6484
-5.6949#0.2553#0.0337#0.0022#0.0001#1.6484
-5.5579#0.1764#0.0499#0.0022#0.0001#1.6484
-5.5556#0.2302#0.1215#0.0022#0.0001#1.6484
-5.5949#0.1019#0.0578#0.0022#0.0001#1.6484
-5.7012#0.2371#0.0470#0.0022#0.0001#1.6484
-5.7214#0.0768#0.0809#0.0022#0.0001#1.6483
-5.7324#0.1998#0.0776#0.0022#0.0001#1.6484
-5.5822#0.0864#0.0920#0.0022#0.0001#1.6484
-5.5711#0.1617#0.0846#0.0022#0.0001#1.6484
-5.6535#0.1951#0.1259#0.0022#0.0001#1.6484
-5.6537#0.2000#0.0515#0.0022#0.0001#1.6484
-5.6788#0.2121#0.1104#0.0022#0.0001#1.6484
-5.5951#0.2525#0.0436#0.0022#0.0001#1.6484
-5.5540#0.0982#0.1041#0.0022#0.0001#1.6484
-5.7093#0.0677#0.0785#0.0022#0.0001#1.6484
-5.6553#0.0761#0.1181#0.0022#0.0001#1.6484
-5.5546#0.1147#0.0753#0.0022#0.0001#1.6484
-5.6081#0.2439#0.1091#0.0022#0.0001#1.6484
-5.5463#0.0661#0.1071#0.0022#0.0001#1.6484
-5.5752#0.1467#0.1230#0.0022#0.0001#1.6484
-5.6358#0.1506#0.0537#0.0022#0.0001#1.6484
-5.7389#0.1009#0.1184#0.0022#0.0001#1.6484
-5.5622#0.2379#0.0343#0.0022#0.0001#1.6484
-5.5774#0.1070#0.0749#0.0022#0.0001#1.6484
-5.6966#0.1674#0.0458#0.0022#0.0001#1.6484
-5.6153#0.1260#0.0442#0.0022#0.0001#1.6484
-5.6016#0.2522#0.0869#0.0022#0.0001#1.6484
-5.6902#0.1581#0.0429#0.0022#0.0001#1.6484
-5.6362#0.1990#0.1120#0.0022#0.0001#1.6484
-5.6363#0.2459#0.0360#0.0022#0.0001#1.6484
-5.7061#0.1919#0.1291#0.0022#0.0001#1.6484
-5.5615#0.1695#0.0761#0.0022#0.0001#1.6484
-5.6753#0.0872#0.0608#0.0023#0.0001#1.6484
-5.5598#0.1024#0.1148#0.0022#0.0001#1.6484
-5.7138#0.1973#0.0392#0.0022#0.0001#1.6484
-5.5692#0.1353#0.0975#0.0022#0.0001#1.6484
-5.6136#0.1364#0.0665#0.0022#0.0001#1.6484
-5.6797#0.1385#0.0510#0.0022#0.0001#1.6484
-5.6862#0.1044#0.1106#0.0022#0.0001#1.6484
-5.5505#0.2512#0.0652#0.0022#0.0001#1.6484
-5.7022#0.1583#0.0379#0.0022#0.0001#1.6484
-5.6846#0.0618#0.0578#0.0022#0.0001#1.6484
-5.5523#0.2486#0.0510#0.0022#0.0001#1.6484
-5.6971#0.0577#0.0450#0.0022#0.0001#1.6484
-5.5895#0.1540#0.1045#0.0022#0.0001#1.6484
-5.6489#0.1739#0.0344#0.0022#0.0001#1.6484
-5.7265#0.2087#0.0690#0.0022#0.0001#1.6484
-5.5554#0.1941#0.0831#0.0022#0.0001#1.6484
-5.7392#0.0848#0.0977#0.0022#0.0001#1.6484
-5.6732#0.1473#0.1256#0.0022#0.0001#1.6484
-5.5779#0.2344#0.0901#0.0022#0.0001#1.6484
-5.7317#0.2120#0.0449#0.0022#0.0001#1.6484
-5.6392#0.0793#0.1284#0.0022#0.0001#1.6484
-5.6131#0.0759#0.0770#0.0022#0.0001#1.6484
-5.6855#0.0652#0.1266#0.0022#0.0001#1.6484
-5.7105#0.2079#0.0949#0.0022#0.0001#1.6484
-5.7131#0.1953#0.0512#0.0022#0.0001#1.6484
-5.6965#0.1174#0.1035#0.0022#0.0001#1.6484
-5.6985#0.2433#0.0602#0.0022#0.0001#1.6484
-5.6563#0.2293#0.0803#0.0022#0.0001#1.6484
-5.6994#0.1751#0.0764#0.0022#0.0001#1.6484
-5.6924#0.0902#0.1151#0.0022#0.0001#1.6484
-5.6634#0.1632#0.0495#0.0022#0.0001#1.6484
-5.6239#0.1954#0.0682#0.0022#0.0001#1.6484
-5.6528#0.1301#0.1173#0.0022#0.0001#1.6484
-5.7088#0.2535#0.1216#0.0022#0.0001#1.6484
-5.6516#0.1916#0.0647#0.0022#0.0001#1.6483
-5.5939#0.2221#0.0379#0.0022#0.0001#1.6484
-5.6002#0.1184#0.1176#0.0022#0.0001#1.6484
-5.6862#0.0640#0.0385#0.0022#0.0001#1.6484
-5.6347#0.1653#0.0374#0.0022#0.0001#1.6484
-5.5495#0.2215#0.0640#0.0022#0.0001#1.6484
-5.6257#0.1084#0.0786#0.0022#0.0001#1.6484
-5.6273#0.2360#0.0903#0.0022#0.0001#1.6484
-5.6145#0.1851#0.0874#0.0022#0.0001#1.6484
-5.5764#0.0896#0.0913#0.0022#0.0001#1.6484
-5.6408#0.1241#0.0477#0.0022#0.0001#1.6484
-5.5826#0.1802#0.0923#0.0022#0.0001#1.6483
-5.5995#0.1422#0.0865#0.0022#0.0001#1.6484
-5.7004#0.2433#0.0785#0.0022#0.0001#1.6484
-5.6106#0.1378#0.0703#0.0022#0.0001#1.6484
-5.6637#0.1396#0.0863#0.0022#0.0001#1.6484
-5.6364#0.1310#0.0712#0.0022#0.0001#1.6484
-5.6638#0.0647#0.0689#0.0022#0.0001#1.6484
-5.5834#0.1054#0.0655#0.0022#0.0001#1.6484
-5.6882#0.0698#0.1038#0.0022#0.0001#1.6484
-5.6062#0.2431#0.0879#0.0023#0.0001#1.6484
-5.6672#0.1135#0.0977#0.0022#0.0001#1.6484
-5.5654#0.1221#0.0628#0.0022#0.0001#1.6484
-5.6292#0.1811#0.0855#0.0022#0.0001#1.6484
-5.7403#0.1462#0.0565#0.0022#0.0001#1.6484
-5.6482#0.1035#0.0367#0.0022#0.0001#1.6484
-5.6390#0.2034#0.0405#0.0022#0.0001#1.6484
-5.6968#0.1870#0.0441#0.0022#0.0001#1.6484
-5.5573#0.2010#0.0655#0.0022#0.0001#1.6484
-5.6359#0.0778#0.1090#0.0022#0.0001#1.6484
-5.5486#0.1366#0.1292#0.0022#0.0001#1.6484
-5.5676#0.2124#0.0502#0.0022#0.0001#1.6484
-5.6764#0.2095#0.0529#0.0022#0.0001#1.6484
-5.6473#0.0901#0.0679#0.0022#0.0001#1.6484
-5.6607#0.1147#0.0316#0.0022#0.0001#1.6484
-5.6115#0.1192#0.1171#0.0022#0.0001#1.6484
-5.6484#0.2464#0.1085#0.0022#0.0001#1.6484
-5.6535#0.1488#0.0812#0.0022#0.0001#1.6484
-5.7166#0.1747#0.0763#0.0022#0.0001#1.6484
-5.6186#0.0731#0.0461#0.0022#0.0001#1.6484
-5.7346#0.1508#0.0498#0.0022#0.0001#1.6484
-5.5686#0.2377#0.0964#0.0022#0.0001#1.6484
-5.6741#0.0647#0.0712#0.0022#0.0001#1.6484
-5.6744#0.0732#0.0327#0.0022#0.0001#1.6484
-5.7067#0.2178#0.0849#0.0022#0.0001#1.6484
-5.6000#0.1218#0.0689#0.0022#0.0001#1.6484
-5.6660#0.0792#0.0567#0.0022#0.0001#1.6484
-5.7420#0.1757#0.0653#0.0022#0.0001#1.6484
-5.6124#0.0563#0.0361#0.0022#0.0001#1.6485
-5.6443#0.2457#0.1201#0.0022#0.0001#1.6484
-5.6303#0.1528#0.0711#0.0022#0.0001#1.6485
-5.7374#0.1998#0.0845#0.0022#0.0001#1.6484
-5.7159#0.2158#0.0324#0.0023#0.0001#1.6484
-5.6603#0.1127#0.0406#0.0022#0.0001#1.6485
-5.5793#0.1739#0.0592#0.0022#0.0001#1.6485
-5.6922#0.1634#0.0991#0.0022#0.0001#1.6485
-5.6292#0.1968#0.1079#0.0022#0.0001#1.6485
-5.7156#0.2230#0.0520#0.0022#0.0001#1.6485
-5.6670#0.1204#0.1210#0.0022#0.0001#1.6485
-5.7323#0.1475#0.0584#0.0023#0.0001#1.6485
-5.5735#0.2222#0.1114#0.0022#0.0001#1.6485
-5.6710#0.1152#0.1078#0.0022#0.0001#1.6485
-5.7329#0.1918#0.1279#0.0022#0.0001#1.6485
-5.6760#0.0698#0.1018#0.0022#0.0001#1.6485
-5.5872#0.1069#0.0727#0.0022#0.0001#1.6485
-5.7424#0.1976#0.0730#0.0022#0.0001#1.6485
-5.7148#0.0929#0.0516#0.0022#0.0001#1.6485
-5.6958#0.0874#0.0900#0.0022#0.0001#1.6485
-5.6461#0.1162#0.0934#0.0022#0.0001#1.6485
-5.5822#0.1532#0.1057#0.0022#0.0001#1.6485
-5.6019#0.0640#0.1026#0.0022#0.0001#1.6485
-5.6405#0.1851#0.0640#0.0022#0.0001#1.6485
-5.5990#0.1663#0.0749#0.0022#0.0001#1.6485
-5.7322#0.1112#0.0774#0.0022#0.0001#1.6485
-5.5537#0.1629#0.0459#0.0022#0.0001#1.6485
-5.5933#0.1258#0.0344#0.0023#0.0001#1.6485
-5.6628#0.1435#0.1213#0.0022#0.0001#1.6485
-5.7126#0.1904#0.0750#0.0022#0.0001#1.6485
-5.5895#0.1904#0.0407#0.0022#0.0001#1.6485
-5.6202#0.1034#0.0374#0.0022#0.0001#1.6485
-5.5610#0.0633#0.0410#0.0022#0.0001#1.6485
-5.7043#0.1331#0.0507#0.0022#0.0001#1.6485
-5.5467#0.1567#0.1215#0.0023#0.0001#1.6485
-5.6013#0.1740#0.1225#0.0022#0.0001#1.6485
-5.5523#0.0655#0.1281#0.0022#0.0001#1.6485
-5.7355#0.2090#0.0329#0.0022#0.0001#1.6485
-5.6517#0.0581#0.1020#0.0022#0.0001#1.6485
-5.6557#0.0720#0.1057#0.0022#0.0001#1.6485
-5.6759#0.2231#0.0410#0.0022#0.0001#1.6485
-5.6216#0.1055#0.0750#0.0022#0.0001#1.6485
-5.6418#0.2203#0.0662#0.0022#0.0001#1.6485
-5.6045#0.1063#0.0623#0.0022#0.0001#1.6485
-5.6319#0.1076#0.0328#0.0022#0.0001#1.6485
-5.5706#0.0773#0.0489#0.0022#0.0001#1.6485
-5.6463#0.1872#0.0362#0.0022#0.0001#1.6485
-5.7247#0.1729#0.0339#0.0022#0.0001#1.6485
-5.6045#0.2406#0.0690#0.0022#0.0001#1.6485
-5.5786#0.1725#0.0710#0.0022#0.0001#1.6485
-5.7266#0.1215#0.0832#0.0022#0.0001#1.6485
-5.7221#0.0845#0.1249#0.0022#0.0001#1.6485
-5.6708#0.1096#0.0362#0.0022#0.0001#1.6485
-5.6435#0.1850#0.1020#0.0022#0.0001#1.6485
-5.6369#0.1420#0.1214#0.0022#0.0001#1.6485
-5.5736#0.0739#0.0667#0.0022#0.0001#1.6485
-5.6063#0.1594#0.1193#0.0022#0.0001#1.6485
-5.6604#0.1489#0.1190#0.0022#0.0001#1.6485
-5.6383#0.1335#0.0727#0.0022#0.0001#1.6485
-5.7122#0.1707#0.1094#0.0022#0.0001#1.6485
-5.6836#0.1078#0.0702#0.0022#0.0001#1.6485
-5.6003#0.1935#0.1204#0.0022#0.0001#1.6485
-5.6368#0.2446#0.1151#0.0022#0.0001#1.6485
-5.6127#0.2002#0.0769#0.0022#0.0001#1.6485
-5.6518#0.0818#0.1008#0.0022#0.0001#1.6485
-5.6907#0.2129#0.0304#0.0022#0.0001#1.6485
-5.6180#0.0649#0.0404#0.0022#0.0001#1.6485
-5.6152#0.1843#0.1179#0.0022#0.0001#1.6485
-5.5994#0.0956#0.0553#0.0022#0.0001#1.6485
-5.7006#0.2480#0.0692#0.0022#0.0001#1.6485
-5.6662#0.0654#0.0963#0.0022#0.0001#1.6485
-5.6222#0.1430#0.0402#0.0022#0.0001#1.6485
-5.6405#0.0702#0.1183#0.0022#0.0001#1.6485
-5.5946#0.1612#0.1206#0.0022#0.0001#1.6485
-5.7103#0.1868#0.0556#0.0022#0.0001#1.6485
-5.6172#0.1813#0.0329#0.0022#0.0001#1.6485
-5.5616#0.0772#0.1020#0.0022#0.0001#1.6485
-5.6357#0.1381#0.0378#0.0022#0.0001#1.6485
-5.5495#0.2150#0.0396#0.0023#0.0001#1.6485
-5.7210#0.0736#0.0505#0.0022#0.0001#1.6485
-5.7038#0.0740#0.0406#0.0022#0.0001#1.6485
-5.5454#0.0728#0.1083#0.0023#0.0001#1.6485
-5.6377#0.2436#0.0932#0.0022#0.0001#1.6485
-5.6642#0.1830#0.0880#0.0022#0.0001#1.6485
-5.5600#0.1714#0.0480#0.0022#0.0001#1.6485
-5.6882#0.2064#0.1071#0.0022#0.0001#1.6485
-5.6343#0.1823#0.1072#0.0023#0.0001#1.6485
-5.6438#0.2015#0.0432#0.0022#0.0001#1.6485
-5.6469#0.2406#0.0536#0.0022#0.0001#1.6485
-5.6402#0.2301#0.0333#0.0022#0.0001#1.6485
-5.6423#0.2072#0.1169#0.0023#0.0001#1.6486
-5.5811#0.1148#0.0408#0.0022#0.0001#1.6486
-5.6898#0.1991#0.0345#0.0022#0.0001#1.6486
-5.5761#0.0669#0.0801#0.0022#0.0001#1.6485
-5.5743#0.0813#0.1066#0.0022#0.0001#1.6485
-5.6749#0.0852#0.1003#0.0022#0.0001#1.6485
-5.6611#0.1795#0.0576#0.0022#0.0001#1.6485
-5.5643#0.0927#0.0880#0.0022#0.0001#1.6486
-5.6782#0.1378#0.0535#0.0022#0.0001#1.6486
-5.5887#0.1433#0.0988#0.0022#0.0001#1.6486
-5.7406#0.1185#0.0614#0.0022#0.0001#1.6486
-5.5552#0.2517#0.0965#0.0022#0.0001#1.6486
-5.5828#0.2151#0.0980#0.0022#0.0001#1.6486
-5.5471#0.0967#0.1241#0.0022#0.0001#1.6486
-5.6987#0.0929#0.0370#0.0022#0.0001#1.6486
-5.7424#0.0558#0.0771#0.0022#0.0001#1.6486
-5.6753#0.1218#0.0883#0.0022#0.0001#1.6486
-5.5977#0.0870#0.0826#0.0023#0.0001#1.6486
-5.7135#0.0867#0.0440#0.0022#0.0001#1.6486
-5.6443#0.1772#0.1075#0.0022#0.0001#1.6486
-5.7301#0.1607#0.0535#0.0022#0.0001#1.6486
-5.5541#0.0581#0.0913#0.0023#0.0001#1.6486
-5.7349#0.2349#0.0633#0.0022#0.0001#1.6486
-5.6161#0.2534#0.0942#0.0022#0.0001#1.6486
-5.6925#0.1654#0.0620#0.0022#0.0001#1.6486
-5.6635#0.0975#0.0927#0.0023#0.0001#1.6486
-5.5531#0.0829#0.0525#0.0023#0.0001#1.6486
-5.5458#0.2063#0.0517#0.0022#0.0001#1.6486
-5.6140#0.0795#0.0689#0.0022#0.0001#1.6486
-5.6955#0.2077#0.0854#0.0022#0.0001#1.6486
-5.5580#0.2021#0.0765#0.0022#0.0001#1.6486
-5.5616#0.0685#0.0467#0.0022#0.0001#1.6485
-5.6969#0.1535#0.0452#0.0022#0.0001#1.6485
-5.7422#0.2420#0.0534#0.0022#0.0001#1.6486
-5.6355#0.2063#0.0420#0.0023#0.0001#1.6486
-5.6365#0.1840#0.0860#0.0022#0.0001#1.6486
-5.6789#0.2506#0.0751#0.0022#0.0001#1.6486
-5.6762#0.2047#0.0769#0.0022#0.0001#1.6486
-5.6184#0.0596#0.0927#0.0022#0.0001#1.6486
-5.5489#0.2147#0.0627#0.0022#0.0001#1.6486
-5.6925#0.1178#0.0962#0.0022#0.0001#1.6486
-5.5596#0.2012#0.1273#0.0022#0.0001#1.6486
-5.6826#0.1670#0.1057#0.0022#0.0001#1.6486
-5.6893#0.2264#0.0382#0.0022#0.0001#1.6486
-5.6585#0.0946#0.1168#0.0022#0.0001#1.6486
-5.7271#0.2102#0.0380#0.0022#0.0001#1.6486
-5.5561#0.1911#0.0480#0.0022#0.0001#1.6486
-5.6313#0.1014#0.1234#0.0022#0.0001#1.6486
-5.6285#0.2105#0.0829#0.0022#0.0001#1.6486
-5.6689#0.2009#0.0917#0.0022#0.0001#1.6486
-5.7026#0.1110#0.1092#0.0023#0.0001#1.6486
-5.6053#0.2172#0.1047#0.0022#0.0001#1.6486
-5.5875#0.2230#0.0825#0.0022#0.0001#1.6486
-5.7282#0.1248#0.0328#0.0022#0.0001#1.6486
-5.5869#0.2450#0.0499#0.0023#0.0001#1.6486
-5.6856#0.2092#0.0625#0.0022#0.0001#1.6486
-5.6065#0.0890#0.0644#0.0022#0.0001#1.6486
-5.7204#0.0689#0.1302#0.0022#0.0001#1.6486
-5.5509#0.0932#0.1140#0.0022#0.0001#1.6486
-5.5859#0.1683#0.0801#0.0022#0.0001#1.6486
-5.6965#0.1103#0.0743#0.0022#0.0001#1.6486
-5.6864#0.0552#0.0332#0.0022#0.0001#1.6486
-5.6283#0.1713#0.1297#0.0022#0.0001#1.6486
-5.6082#0.0630#0.0995#0.0022#0.0001#1.6486
-5.5946#0.0695#0.0788#0.0022#0.0001#1.6486
-5.7166#0.1416#0.0820#0.0022#0.0001#1.6486
-5.5812#0.1055#0.1222#0.0022#0.0001#1.6486
-5.6628#0.1535#0.1230#0.0022#0.0001#1.6486
-5.6121#0.2169#0.0931#0.0022#0.0001#1.6486
-5.5871#0.1135#0.0793#0.0022#0.0001#1.6486
-5.6066#0.1007#0.0812#0.0022#0.0001#1.6486
-5.7061#0.1502#0.1287#0.0022#0.0001#1.6486
-5.5901#0.1855#0.0384#0.0022#0.0001#1.6486
-5.6427#0.2060#0.1015#0.0022#0.0001#1.6486